2013/07/30 13:19:26 [error] [exception.CDbException] exception 'CDbException' with message 'CDbConnection failed to open the DB connection: could not find driver' in /home/profit/htdocs/pressregion/framework/framework/db/CDbConnection.php:382
Stack trace:
#0 /home/profit/htdocs/pressregion/framework/framework/db/CDbConnection.php(330): CDbConnection->open()
#1 /home/profit/htdocs/pressregion/framework/framework/db/CDbConnection.php(308): CDbConnection->setActive(true)
#2 /home/profit/htdocs/pressregion/framework/framework/base/CModule.php(387): CDbConnection->init()
#3 /home/profit/htdocs/pressregion/framework/framework/cli/commands/MigrateCommand.php(442): CModule->getComponent('db')
#4 /home/profit/htdocs/pressregion/framework/framework/cli/commands/MigrateCommand.php(451): MigrateCommand->getDbConnection()
#5 /home/profit/htdocs/pressregion/framework/framework/cli/commands/MigrateCommand.php(482): MigrateCommand->getMigrationHistory(-1)
#6 /home/profit/htdocs/pressregion/framework/framework/cli/commands/MigrateCommand.php(84): MigrateCommand->getNewMigrations()
#7 [internal function]: MigrateCommand->actionUp(Array)
#8 /home/profit/htdocs/pressregion/framework/framework/console/CConsoleCommand.php(172): ReflectionMethod->invokeArgs(Object(MigrateCommand), Array)
#9 /home/profit/htdocs/pressregion/framework/framework/console/CConsoleCommandRunner.php(71): CConsoleCommand->run(Array)
#10 /home/profit/htdocs/pressregion/framework/framework/console/CConsoleApplication.php(92): CConsoleCommandRunner->run(Array)
#11 /home/profit/htdocs/pressregion/framework/framework/base/CApplication.php(180): CConsoleApplication->processRequest()
#12 /home/profit/htdocs/pressregion/framework/framework/yiic.php(33): CApplication->run()
#13 /home/profit/htdocs/pressregion/www/protected/yiic.php(7): require_once('/home/profit/ht...')
#14 /home/profit/htdocs/pressregion/www/protected/yiic(4): require_once('/home/profit/ht...')
#15 {main}
---
2013/07/30 14:32:46 [error] [system.db.CDbCommand] CDbCommand::fetchAll() failed: SQLSTATE[42S02]: Base table or view not found: 1146 Table 'pr.tbl_migration' doesn't exist. The SQL statement executed was: SHOW FULL COLUMNS FROM `tbl_migration`.
2013/07/31 11:31:01 [error] [exception.CHttpException.404] exception 'CHttpException' with message 'Unable to resolve the request "admin/index".' in /home/profit/htdocs/pressregion/framework/framework/web/CWebApplication.php:286
Stack trace:
#0 /home/profit/htdocs/pressregion/framework/framework/web/CWebApplication.php(141): CWebApplication->runController('admin/index')
#1 /home/profit/htdocs/pressregion/framework/framework/base/CApplication.php(180): CWebApplication->processRequest()
#2 /home/profit/htdocs/pressregion/www/index.php(13): CApplication->run()
#3 {main}
REQUEST_URI=/index.php/admin/index
HTTP_REFERER=http://pressregion/
---
2013/07/31 11:32:30 [error] [exception.CHttpException.404] exception 'CHttpException' with message 'Unable to resolve the request "admin/index".' in /home/profit/htdocs/pressregion/framework/framework/web/CWebApplication.php:286
Stack trace:
#0 /home/profit/htdocs/pressregion/framework/framework/web/CWebApplication.php(141): CWebApplication->runController('admin/index')
#1 /home/profit/htdocs/pressregion/framework/framework/base/CApplication.php(180): CWebApplication->processRequest()
#2 /home/profit/htdocs/pressregion/www/index.php(13): CApplication->run()
#3 {main}
REQUEST_URI=/index.php/admin/index
HTTP_REFERER=http://pressregion/
---
2013/07/31 11:32:31 [error] [exception.CHttpException.404] exception 'CHttpException' with message 'Unable to resolve the request "admin/index".' in /home/profit/htdocs/pressregion/framework/framework/web/CWebApplication.php:286
Stack trace:
#0 /home/profit/htdocs/pressregion/framework/framework/web/CWebApplication.php(141): CWebApplication->runController('admin/index')
#1 /home/profit/htdocs/pressregion/framework/framework/base/CApplication.php(180): CWebApplication->processRequest()
#2 /home/profit/htdocs/pressregion/www/index.php(13): CApplication->run()
#3 {main}
REQUEST_URI=/index.php/admin/index
HTTP_REFERER=http://pressregion/
---
2013/07/31 11:32:32 [error] [exception.CHttpException.404] exception 'CHttpException' with message 'Unable to resolve the request "admin/index".' in /home/profit/htdocs/pressregion/framework/framework/web/CWebApplication.php:286
Stack trace:
#0 /home/profit/htdocs/pressregion/framework/framework/web/CWebApplication.php(141): CWebApplication->runController('admin/index')
#1 /home/profit/htdocs/pressregion/framework/framework/base/CApplication.php(180): CWebApplication->processRequest()
#2 /home/profit/htdocs/pressregion/www/index.php(13): CApplication->run()
#3 {main}
REQUEST_URI=/index.php/admin/index
HTTP_REFERER=http://pressregion/index.php/admin/index
---
2013/07/31 11:34:12 [error] [exception.CHttpException.404] exception 'CHttpException' with message 'Unable to resolve the request "admin/index".' in /home/profit/htdocs/pressregion/framework/framework/web/CWebApplication.php:286
Stack trace:
#0 /home/profit/htdocs/pressregion/framework/framework/web/CWebApplication.php(141): CWebApplication->runController('admin/index')
#1 /home/profit/htdocs/pressregion/framework/framework/base/CApplication.php(180): CWebApplication->processRequest()
#2 /home/profit/htdocs/pressregion/www/index.php(13): CApplication->run()
#3 {main}
REQUEST_URI=/index.php/admin/index
HTTP_REFERER=http://pressregion/index.php/admin/index
---
2013/07/31 11:34:12 [error] [exception.CHttpException.404] exception 'CHttpException' with message 'Unable to resolve the request "admin/index".' in /home/profit/htdocs/pressregion/framework/framework/web/CWebApplication.php:286
Stack trace:
#0 /home/profit/htdocs/pressregion/framework/framework/web/CWebApplication.php(141): CWebApplication->runController('admin/index')
#1 /home/profit/htdocs/pressregion/framework/framework/base/CApplication.php(180): CWebApplication->processRequest()
#2 /home/profit/htdocs/pressregion/www/index.php(13): CApplication->run()
#3 {main}
REQUEST_URI=/index.php/admin/index
HTTP_REFERER=http://pressregion/index.php/admin/index
---
2013/07/31 11:34:13 [error] [exception.CHttpException.404] exception 'CHttpException' with message 'Unable to resolve the request "admin/index".' in /home/profit/htdocs/pressregion/framework/framework/web/CWebApplication.php:286
Stack trace:
#0 /home/profit/htdocs/pressregion/framework/framework/web/CWebApplication.php(141): CWebApplication->runController('admin/index')
#1 /home/profit/htdocs/pressregion/framework/framework/base/CApplication.php(180): CWebApplication->processRequest()
#2 /home/profit/htdocs/pressregion/www/index.php(13): CApplication->run()
#3 {main}
REQUEST_URI=/index.php/admin/index
HTTP_REFERER=http://pressregion/index.php/admin/index
---
2013/07/31 12:26:22 [error] [system.db.CDbCommand] CDbCommand::execute() failed: SQLSTATE[42S02]: Base table or view not found: 1146 Table 'pr.tt_users' doesn't exist. The SQL statement executed was: INSERT INTO `tt_users` (`login`, `password`, `email`) VALUES (:login, :password, :email).
2013/07/31 12:26:22 [error] [exception.CDbException] exception 'CDbException' with message 'CDbCommand failed to execute the SQL statement: SQLSTATE[42S02]: Base table or view not found: 1146 Table 'pr.tt_users' doesn't exist. The SQL statement executed was: INSERT INTO `tt_users` (`login`, `password`, `email`) VALUES (:login, :password, :email)' in /home/profit/htdocs/pressregion/framework/framework/db/CDbCommand.php:358
Stack trace:
#0 /home/profit/htdocs/pressregion/framework/framework/db/CDbCommand.php(1250): CDbCommand->execute(Array)
#1 /home/profit/htdocs/pressregion/framework/framework/db/CDbMigration.php(178): CDbCommand->insert('tt_users', Array)
#2 /home/profit/htdocs/pressregion/www/protected/migrations/m130731_082051_create_table_users.php(18): CDbMigration->insert('tt_users', Array)
#3 /home/profit/htdocs/pressregion/framework/framework/cli/commands/MigrateCommand.php(385): m130731_082051_create_table_users->up()
#4 /home/profit/htdocs/pressregion/framework/framework/cli/commands/MigrateCommand.php(109): MigrateCommand->migrateUp('m130731_082051_...')
#5 [internal function]: MigrateCommand->actionUp(Array)
#6 /home/profit/htdocs/pressregion/framework/framework/console/CConsoleCommand.php(172): ReflectionMethod->invokeArgs(Object(MigrateCommand), Array)
#7 /home/profit/htdocs/pressregion/framework/framework/console/CConsoleCommandRunner.php(71): CConsoleCommand->run(Array)
#8 /home/profit/htdocs/pressregion/framework/framework/console/CConsoleApplication.php(92): CConsoleCommandRunner->run(Array)
#9 /home/profit/htdocs/pressregion/framework/framework/base/CApplication.php(180): CConsoleApplication->processRequest()
#10 /home/profit/htdocs/pressregion/framework/framework/yiic.php(33): CApplication->run()
#11 /home/profit/htdocs/pressregion/www/protected/yiic.php(7): require_once('/home/profit/ht...')
#12 /home/profit/htdocs/pressregion/www/protected/yiic(4): require_once('/home/profit/ht...')
#13 {main}
---
2013/07/31 12:27:04 [error] [system.db.CDbCommand] CDbCommand::execute() failed: SQLSTATE[42S01]: Base table or view already exists: 1050 Table 'pr_users' already exists. The SQL statement executed was: CREATE TABLE `pr_users` (
	`id` int(11) NOT NULL AUTO_INCREMENT PRIMARY KEY,
	`login` varchar(255),
	`password` varchar(255),
	`email` varchar(255),
	`registered` datetime
).
2013/07/31 12:27:04 [error] [exception.CDbException] exception 'CDbException' with message 'CDbCommand failed to execute the SQL statement: SQLSTATE[42S01]: Base table or view already exists: 1050 Table 'pr_users' already exists. The SQL statement executed was: CREATE TABLE `pr_users` (
	`id` int(11) NOT NULL AUTO_INCREMENT PRIMARY KEY,
	`login` varchar(255),
	`password` varchar(255),
	`email` varchar(255),
	`registered` datetime
)' in /home/profit/htdocs/pressregion/framework/framework/db/CDbCommand.php:358
Stack trace:
#0 /home/profit/htdocs/pressregion/framework/framework/db/CDbCommand.php(1324): CDbCommand->execute()
#1 /home/profit/htdocs/pressregion/framework/framework/db/CDbMigration.php(233): CDbCommand->createTable('pr_users', Array, NULL)
#2 /home/profit/htdocs/pressregion/www/protected/migrations/m130731_082051_create_table_users.php(13): CDbMigration->createTable('pr_users', Array)
#3 /home/profit/htdocs/pressregion/framework/framework/cli/commands/MigrateCommand.php(385): m130731_082051_create_table_users->up()
#4 /home/profit/htdocs/pressregion/framework/framework/cli/commands/MigrateCommand.php(109): MigrateCommand->migrateUp('m130731_082051_...')
#5 [internal function]: MigrateCommand->actionUp(Array)
#6 /home/profit/htdocs/pressregion/framework/framework/console/CConsoleCommand.php(172): ReflectionMethod->invokeArgs(Object(MigrateCommand), Array)
#7 /home/profit/htdocs/pressregion/framework/framework/console/CConsoleCommandRunner.php(71): CConsoleCommand->run(Array)
#8 /home/profit/htdocs/pressregion/framework/framework/console/CConsoleApplication.php(92): CConsoleCommandRunner->run(Array)
#9 /home/profit/htdocs/pressregion/framework/framework/base/CApplication.php(180): CConsoleApplication->processRequest()
#10 /home/profit/htdocs/pressregion/framework/framework/yiic.php(33): CApplication->run()
#11 /home/profit/htdocs/pressregion/www/protected/yiic.php(7): require_once('/home/profit/ht...')
#12 /home/profit/htdocs/pressregion/www/protected/yiic(4): require_once('/home/profit/ht...')
#13 {main}
---
2013/07/31 12:27:28 [error] [system.db.CDbCommand] CDbCommand::execute() failed: SQLSTATE[42S01]: Base table or view already exists: 1050 Table 'pr_users' already exists. The SQL statement executed was: CREATE TABLE `pr_users` (
	`id` int(11) NOT NULL AUTO_INCREMENT PRIMARY KEY,
	`login` varchar(255),
	`password` varchar(255),
	`email` varchar(255),
	`registered` datetime
).
2013/07/31 12:27:28 [error] [exception.CDbException] exception 'CDbException' with message 'CDbCommand failed to execute the SQL statement: SQLSTATE[42S01]: Base table or view already exists: 1050 Table 'pr_users' already exists. The SQL statement executed was: CREATE TABLE `pr_users` (
	`id` int(11) NOT NULL AUTO_INCREMENT PRIMARY KEY,
	`login` varchar(255),
	`password` varchar(255),
	`email` varchar(255),
	`registered` datetime
)' in /home/profit/htdocs/pressregion/framework/framework/db/CDbCommand.php:358
Stack trace:
#0 /home/profit/htdocs/pressregion/framework/framework/db/CDbCommand.php(1324): CDbCommand->execute()
#1 /home/profit/htdocs/pressregion/framework/framework/db/CDbMigration.php(233): CDbCommand->createTable('pr_users', Array, NULL)
#2 /home/profit/htdocs/pressregion/www/protected/migrations/m130731_082051_create_table_users.php(13): CDbMigration->createTable('pr_users', Array)
#3 /home/profit/htdocs/pressregion/framework/framework/cli/commands/MigrateCommand.php(385): m130731_082051_create_table_users->up()
#4 /home/profit/htdocs/pressregion/framework/framework/cli/commands/MigrateCommand.php(109): MigrateCommand->migrateUp('m130731_082051_...')
#5 [internal function]: MigrateCommand->actionUp(Array)
#6 /home/profit/htdocs/pressregion/framework/framework/console/CConsoleCommand.php(172): ReflectionMethod->invokeArgs(Object(MigrateCommand), Array)
#7 /home/profit/htdocs/pressregion/framework/framework/console/CConsoleCommandRunner.php(71): CConsoleCommand->run(Array)
#8 /home/profit/htdocs/pressregion/framework/framework/console/CConsoleApplication.php(92): CConsoleCommandRunner->run(Array)
#9 /home/profit/htdocs/pressregion/framework/framework/base/CApplication.php(180): CConsoleApplication->processRequest()
#10 /home/profit/htdocs/pressregion/framework/framework/yiic.php(33): CApplication->run()
#11 /home/profit/htdocs/pressregion/www/protected/yiic.php(7): require_once('/home/profit/ht...')
#12 /home/profit/htdocs/pressregion/www/protected/yiic(4): require_once('/home/profit/ht...')
#13 {main}
---
2013/07/31 12:29:21 [error] [system.db.CDbCommand] CDbCommand::execute() failed: SQLSTATE[42S01]: Base table or view already exists: 1050 Table 'pr_users' already exists. The SQL statement executed was: CREATE TABLE `pr_users` (
	`id` int(11) NOT NULL AUTO_INCREMENT PRIMARY KEY,
	`login` varchar(255),
	`password` varchar(255),
	`email` varchar(255),
	`registered` datetime
).
2013/07/31 12:29:21 [error] [exception.CDbException] exception 'CDbException' with message 'CDbCommand failed to execute the SQL statement: SQLSTATE[42S01]: Base table or view already exists: 1050 Table 'pr_users' already exists. The SQL statement executed was: CREATE TABLE `pr_users` (
	`id` int(11) NOT NULL AUTO_INCREMENT PRIMARY KEY,
	`login` varchar(255),
	`password` varchar(255),
	`email` varchar(255),
	`registered` datetime
)' in /home/profit/htdocs/pressregion/framework/framework/db/CDbCommand.php:358
Stack trace:
#0 /home/profit/htdocs/pressregion/framework/framework/db/CDbCommand.php(1324): CDbCommand->execute()
#1 /home/profit/htdocs/pressregion/framework/framework/db/CDbMigration.php(233): CDbCommand->createTable('pr_users', Array, NULL)
#2 /home/profit/htdocs/pressregion/www/protected/migrations/m130731_082051_create_table_users.php(13): CDbMigration->createTable('pr_users', Array)
#3 /home/profit/htdocs/pressregion/framework/framework/cli/commands/MigrateCommand.php(385): m130731_082051_create_table_users->up()
#4 /home/profit/htdocs/pressregion/framework/framework/cli/commands/MigrateCommand.php(109): MigrateCommand->migrateUp('m130731_082051_...')
#5 [internal function]: MigrateCommand->actionUp(Array)
#6 /home/profit/htdocs/pressregion/framework/framework/console/CConsoleCommand.php(172): ReflectionMethod->invokeArgs(Object(MigrateCommand), Array)
#7 /home/profit/htdocs/pressregion/framework/framework/console/CConsoleCommandRunner.php(71): CConsoleCommand->run(Array)
#8 /home/profit/htdocs/pressregion/framework/framework/console/CConsoleApplication.php(92): CConsoleCommandRunner->run(Array)
#9 /home/profit/htdocs/pressregion/framework/framework/base/CApplication.php(180): CConsoleApplication->processRequest()
#10 /home/profit/htdocs/pressregion/framework/framework/yiic.php(33): CApplication->run()
#11 /home/profit/htdocs/pressregion/www/protected/yiic.php(7): require_once('/home/profit/ht...')
#12 /home/profit/htdocs/pressregion/www/protected/yiic(4): require_once('/home/profit/ht...')
#13 {main}
---
2013/07/31 12:30:08 [error] [system.db.CDbCommand] CDbCommand::execute() failed: SQLSTATE[42S01]: Base table or view already exists: 1050 Table 'pr_users' already exists. The SQL statement executed was: CREATE TABLE `pr_users` (
	`id` int(11) NOT NULL AUTO_INCREMENT PRIMARY KEY,
	`login` varchar(255),
	`password` varchar(255),
	`email` varchar(255),
	`registered` datetime
).
2013/07/31 12:30:08 [error] [exception.CDbException] exception 'CDbException' with message 'CDbCommand failed to execute the SQL statement: SQLSTATE[42S01]: Base table or view already exists: 1050 Table 'pr_users' already exists. The SQL statement executed was: CREATE TABLE `pr_users` (
	`id` int(11) NOT NULL AUTO_INCREMENT PRIMARY KEY,
	`login` varchar(255),
	`password` varchar(255),
	`email` varchar(255),
	`registered` datetime
)' in /home/profit/htdocs/pressregion/framework/framework/db/CDbCommand.php:358
Stack trace:
#0 /home/profit/htdocs/pressregion/framework/framework/db/CDbCommand.php(1324): CDbCommand->execute()
#1 /home/profit/htdocs/pressregion/framework/framework/db/CDbMigration.php(233): CDbCommand->createTable('pr_users', Array, NULL)
#2 /home/profit/htdocs/pressregion/www/protected/migrations/m130731_082051_create_table_users.php(13): CDbMigration->createTable('pr_users', Array)
#3 /home/profit/htdocs/pressregion/framework/framework/cli/commands/MigrateCommand.php(385): m130731_082051_create_table_users->up()
#4 /home/profit/htdocs/pressregion/framework/framework/cli/commands/MigrateCommand.php(109): MigrateCommand->migrateUp('m130731_082051_...')
#5 [internal function]: MigrateCommand->actionUp(Array)
#6 /home/profit/htdocs/pressregion/framework/framework/console/CConsoleCommand.php(172): ReflectionMethod->invokeArgs(Object(MigrateCommand), Array)
#7 /home/profit/htdocs/pressregion/framework/framework/console/CConsoleCommandRunner.php(71): CConsoleCommand->run(Array)
#8 /home/profit/htdocs/pressregion/framework/framework/console/CConsoleApplication.php(92): CConsoleCommandRunner->run(Array)
#9 /home/profit/htdocs/pressregion/framework/framework/base/CApplication.php(180): CConsoleApplication->processRequest()
#10 /home/profit/htdocs/pressregion/framework/framework/yiic.php(33): CApplication->run()
#11 /home/profit/htdocs/pressregion/www/protected/yiic.php(7): require_once('/home/profit/ht...')
#12 /home/profit/htdocs/pressregion/www/protected/yiic(4): require_once('/home/profit/ht...')
#13 {main}
---
2013/07/31 12:43:07 [error] [php] require(/home/profit/htdocs/pressregion/www/protected/migrations/../models/User.php): failed to open stream: No such file or directory (/home/profit/htdocs/pressregion/www/protected/migrations/m130731_083404_create_table_user_roles.php:7)
Stack trace:
#0 /home/profit/htdocs/pressregion/framework/framework/cli/commands/MigrateCommand.php(109): MigrateCommand->migrateUp()
#1 unknown(0): MigrateCommand->actionUp()
#2 /home/profit/htdocs/pressregion/framework/framework/console/CConsoleCommand.php(172): ReflectionMethod->invokeArgs()
#3 /home/profit/htdocs/pressregion/framework/framework/console/CConsoleCommandRunner.php(71): MigrateCommand->run()
#4 /home/profit/htdocs/pressregion/framework/framework/console/CConsoleApplication.php(92): CConsoleCommandRunner->run()
#5 /home/profit/htdocs/pressregion/framework/framework/base/CApplication.php(180): CConsoleApplication->processRequest()
#6 /home/profit/htdocs/pressregion/framework/framework/yiic.php(33): CConsoleApplication->run()
#7 /home/profit/htdocs/pressregion/www/protected/yiic.php(7): require_once()
#8 /home/profit/htdocs/pressregion/www/protected/yiic(4): require_once()

2013/07/31 12:45:07 [error] [php] require(/home/profit/htdocs/pressregion/www/protected/migrations/../models/UserRole.php): failed to open stream: No such file or directory (/home/profit/htdocs/pressregion/www/protected/migrations/m130731_083404_create_table_user_roles.php:8)
Stack trace:
#0 /home/profit/htdocs/pressregion/framework/framework/cli/commands/MigrateCommand.php(109): MigrateCommand->migrateUp()
#1 unknown(0): MigrateCommand->actionUp()
#2 /home/profit/htdocs/pressregion/framework/framework/console/CConsoleCommand.php(172): ReflectionMethod->invokeArgs()
#3 /home/profit/htdocs/pressregion/framework/framework/console/CConsoleCommandRunner.php(71): MigrateCommand->run()
#4 /home/profit/htdocs/pressregion/framework/framework/console/CConsoleApplication.php(92): CConsoleCommandRunner->run()
#5 /home/profit/htdocs/pressregion/framework/framework/base/CApplication.php(180): CConsoleApplication->processRequest()
#6 /home/profit/htdocs/pressregion/framework/framework/yiic.php(33): CConsoleApplication->run()
#7 /home/profit/htdocs/pressregion/www/protected/yiic.php(7): require_once()
#8 /home/profit/htdocs/pressregion/www/protected/yiic(4): require_once()

2013/07/31 12:46:18 [error] [php] include(UserRole.php): failed to open stream: No such file or directory (/home/profit/htdocs/pressregion/framework/framework/YiiBase.php:421)
Stack trace:
#0 /home/profit/htdocs/pressregion/www/protected/migrations/m130731_083404_create_table_user_roles.php(24): spl_autoload_call()
#1 /home/profit/htdocs/pressregion/framework/framework/cli/commands/MigrateCommand.php(385): m130731_083404_create_table_user_roles->up()
#2 /home/profit/htdocs/pressregion/framework/framework/cli/commands/MigrateCommand.php(109): MigrateCommand->migrateUp()
#3 unknown(0): MigrateCommand->actionUp()
#4 /home/profit/htdocs/pressregion/framework/framework/console/CConsoleCommand.php(172): ReflectionMethod->invokeArgs()
#5 /home/profit/htdocs/pressregion/framework/framework/console/CConsoleCommandRunner.php(71): MigrateCommand->run()
#6 /home/profit/htdocs/pressregion/framework/framework/console/CConsoleApplication.php(92): CConsoleCommandRunner->run()
#7 /home/profit/htdocs/pressregion/framework/framework/base/CApplication.php(180): CConsoleApplication->processRequest()
#8 /home/profit/htdocs/pressregion/framework/framework/yiic.php(33): CConsoleApplication->run()
#9 /home/profit/htdocs/pressregion/www/protected/yiic.php(7): require_once()
#10 /home/profit/htdocs/pressregion/www/protected/yiic(4): require_once()

2013/07/31 12:56:12 [error] [php] include(UserRole.php): failed to open stream: No such file or directory (/home/profit/htdocs/pressregion/framework/framework/YiiBase.php:421)
Stack trace:
#0 /home/profit/htdocs/pressregion/www/protected/migrations/m130731_083404_create_table_user_roles.php(24): spl_autoload_call()
#1 /home/profit/htdocs/pressregion/framework/framework/cli/commands/MigrateCommand.php(385): m130731_083404_create_table_user_roles->up()
#2 /home/profit/htdocs/pressregion/framework/framework/cli/commands/MigrateCommand.php(109): MigrateCommand->migrateUp()
#3 unknown(0): MigrateCommand->actionUp()
#4 /home/profit/htdocs/pressregion/framework/framework/console/CConsoleCommand.php(172): ReflectionMethod->invokeArgs()
#5 /home/profit/htdocs/pressregion/framework/framework/console/CConsoleCommandRunner.php(71): MigrateCommand->run()
#6 /home/profit/htdocs/pressregion/framework/framework/console/CConsoleApplication.php(92): CConsoleCommandRunner->run()
#7 /home/profit/htdocs/pressregion/framework/framework/base/CApplication.php(180): CConsoleApplication->processRequest()
#8 /home/profit/htdocs/pressregion/framework/framework/yiic.php(33): CConsoleApplication->run()
#9 /home/profit/htdocs/pressregion/www/protected/yiic.php(7): require_once()
#10 /home/profit/htdocs/pressregion/www/protected/yiic(4): require_once()

2013/07/31 12:56:56 [error] [system.db.CDbCommand] CDbCommand::execute() failed: SQLSTATE[42S01]: Base table or view already exists: 1050 Table 'pr_user_roles' already exists. The SQL statement executed was: CREATE TABLE `pr_user_roles` (
	`id` int(11) NOT NULL AUTO_INCREMENT PRIMARY KEY,
	`name` varchar(255)
).
2013/07/31 12:56:56 [error] [exception.CDbException] exception 'CDbException' with message 'CDbCommand failed to execute the SQL statement: SQLSTATE[42S01]: Base table or view already exists: 1050 Table 'pr_user_roles' already exists. The SQL statement executed was: CREATE TABLE `pr_user_roles` (
	`id` int(11) NOT NULL AUTO_INCREMENT PRIMARY KEY,
	`name` varchar(255)
)' in /home/profit/htdocs/pressregion/framework/framework/db/CDbCommand.php:358
Stack trace:
#0 /home/profit/htdocs/pressregion/framework/framework/db/CDbCommand.php(1324): CDbCommand->execute()
#1 /home/profit/htdocs/pressregion/framework/framework/db/CDbMigration.php(233): CDbCommand->createTable('pr_user_roles', Array, NULL)
#2 /home/profit/htdocs/pressregion/www/protected/migrations/m130731_083404_create_table_user_roles.php(13): CDbMigration->createTable('pr_user_roles', Array)
#3 /home/profit/htdocs/pressregion/framework/framework/cli/commands/MigrateCommand.php(385): m130731_083404_create_table_user_roles->up()
#4 /home/profit/htdocs/pressregion/framework/framework/cli/commands/MigrateCommand.php(109): MigrateCommand->migrateUp('m130731_083404_...')
#5 [internal function]: MigrateCommand->actionUp(Array)
#6 /home/profit/htdocs/pressregion/framework/framework/console/CConsoleCommand.php(172): ReflectionMethod->invokeArgs(Object(MigrateCommand), Array)
#7 /home/profit/htdocs/pressregion/framework/framework/console/CConsoleCommandRunner.php(71): CConsoleCommand->run(Array)
#8 /home/profit/htdocs/pressregion/framework/framework/console/CConsoleApplication.php(92): CConsoleCommandRunner->run(Array)
#9 /home/profit/htdocs/pressregion/framework/framework/base/CApplication.php(180): CConsoleApplication->processRequest()
#10 /home/profit/htdocs/pressregion/framework/framework/yiic.php(33): CApplication->run()
#11 /home/profit/htdocs/pressregion/www/protected/yiic.php(7): require_once('/home/profit/ht...')
#12 /home/profit/htdocs/pressregion/www/protected/yiic(4): require_once('/home/profit/ht...')
#13 {main}
---
